<?xml version="1.0" encoding="UTF-8"?>
<testng-results ignored="0" total="1" passed="1" failed="0" skipped="0">
  <reporter-output>
  </reporter-output>
  <suite started-at="2023-01-12T16:22:12 IST" name="Default suite" finished-at="2023-01-12T16:22:32 IST" duration-ms="20546">
    <groups>
    </groups>
    <test started-at="2023-01-12T16:22:12 IST" name="Default test" finished-at="2023-01-12T16:22:32 IST" duration-ms="20546">
      <class name="HellSelenium.OrangeHm">
        <test-method is-config="true" signature="login()[pri:0, instance:HellSelenium.OrangeHm@708f5957]" started-at="2023-01-12T16:22:12 IST" name="login" finished-at="2023-01-12T16:22:17 IST" duration-ms="4837" status="PASS">
          <reporter-output>
          </reporter-output>
        </test-method> <!-- login -->
        <test-method signature="create()[pri:0, instance:HellSelenium.OrangeHm@708f5957]" started-at="2023-01-12T16:22:17 IST" name="create" finished-at="2023-01-12T16:22:32 IST" duration-ms="15680" status="PASS">
          <reporter-output>
          </reporter-output>
        </test-method> <!-- create -->
      </class> <!-- HellSelenium.OrangeHm -->
    </test> <!-- Default test -->
  </suite> <!-- Default suite -->
</testng-results>
