<?xml version="1.0" encoding="UTF-8"?>
<testng-results ignored="0" total="3" passed="3" failed="0" skipped="0">
  <reporter-output>
  </reporter-output>
  <suite started-at="2023-03-21T12:26:47 IST" name="Default suite" finished-at="2023-03-21T12:26:47 IST" duration-ms="39">
    <groups>
    </groups>
    <test started-at="2023-03-21T12:26:47 IST" name="Default test" finished-at="2023-03-21T12:26:47 IST" duration-ms="39">
      <class name="Demo.TestNG1">
        <test-method signature="login()[pri:-1, instance:Demo.TestNG1@4f6ee6e4]" started-at="2023-03-21T12:26:47 IST" name="login" finished-at="2023-03-21T12:26:47 IST" depends-on-methods="openbrowser" duration-ms="8" status="PASS">
          <reporter-output>
          </reporter-output>
        </test-method> <!-- login -->
        <test-method signature="dashboard()[pri:2, instance:Demo.TestNG1@4f6ee6e4]" started-at="2023-03-21T12:26:47 IST" name="dashboard" finished-at="2023-03-21T12:26:47 IST" duration-ms="1" status="PASS">
          <reporter-output>
          </reporter-output>
        </test-method> <!-- dashboard -->
        <test-method signature="logout()[pri:3, instance:Demo.TestNG1@4f6ee6e4]" started-at="2023-03-21T12:26:47 IST" name="logout" finished-at="2023-03-21T12:26:47 IST" duration-ms="1" status="PASS">
          <reporter-output>
          </reporter-output>
        </test-method> <!-- logout -->
      </class> <!-- Demo.TestNG1 -->
    </test> <!-- Default test -->
  </suite> <!-- Default suite -->
</testng-results>
