<?xml version="1.0" encoding="UTF-8"?>
<testng-results ignored="0" total="1" passed="1" failed="0" skipped="0">
  <reporter-output>
  </reporter-output>
  <suite started-at="2022-12-30T16:20:52 IST" name="Default suite" finished-at="2022-12-30T16:20:52 IST" duration-ms="33">
    <groups>
    </groups>
    <test started-at="2022-12-30T16:20:52 IST" name="Default test" finished-at="2022-12-30T16:20:52 IST" duration-ms="33">
      <class name="Programs.Srt">
        <test-method is-config="true" signature="method3()[pri:0, instance:Programs.Srt@be64738]" started-at="2022-12-30T16:20:52 IST" name="method3" finished-at="2022-12-30T16:20:52 IST" duration-ms="7" status="PASS">
          <reporter-output>
          </reporter-output>
        </test-method> <!-- method3 -->
        <test-method is-config="true" signature="test2()[pri:0, instance:Programs.Srt@be64738]" started-at="2022-12-30T16:20:52 IST" name="test2" finished-at="2022-12-30T16:20:52 IST" duration-ms="0" status="PASS">
          <reporter-output>
          </reporter-output>
        </test-method> <!-- test2 -->
        <test-method is-config="true" signature="class1()[pri:0, instance:Programs.Srt@be64738]" started-at="2022-12-30T16:20:52 IST" name="class1" finished-at="2022-12-30T16:20:52 IST" duration-ms="0" status="PASS">
          <reporter-output>
          </reporter-output>
        </test-method> <!-- class1 -->
        <test-method is-config="true" signature="method()[pri:0, instance:Programs.Srt@be64738]" started-at="2022-12-30T16:20:52 IST" name="method" finished-at="2022-12-30T16:20:52 IST" duration-ms="0" status="PASS">
          <reporter-output>
          </reporter-output>
        </test-method> <!-- method -->
        <test-method signature="test()[pri:0, instance:Programs.Srt@be64738]" started-at="2022-12-30T16:20:52 IST" name="test" finished-at="2022-12-30T16:20:52 IST" duration-ms="6" status="PASS">
          <reporter-output>
          </reporter-output>
        </test-method> <!-- test -->
        <test-method is-config="true" signature="method1()[pri:0, instance:Programs.Srt@be64738]" started-at="2022-12-30T16:20:52 IST" name="method1" finished-at="2022-12-30T16:20:52 IST" duration-ms="0" status="PASS">
          <reporter-output>
          </reporter-output>
        </test-method> <!-- method1 -->
        <test-method is-config="true" signature="class2()[pri:0, instance:Programs.Srt@be64738]" started-at="2022-12-30T16:20:52 IST" name="class2" finished-at="2022-12-30T16:20:52 IST" duration-ms="1" status="PASS">
          <reporter-output>
          </reporter-output>
        </test-method> <!-- class2 -->
        <test-method is-config="true" signature="test3()[pri:0, instance:Programs.Srt@be64738]" started-at="2022-12-30T16:20:52 IST" name="test3" finished-at="2022-12-30T16:20:52 IST" duration-ms="0" status="PASS">
          <reporter-output>
          </reporter-output>
        </test-method> <!-- test3 -->
        <test-method is-config="true" signature="method4()[pri:0, instance:Programs.Srt@be64738]" started-at="2022-12-30T16:20:53 IST" name="method4" finished-at="2022-12-30T16:20:53 IST" duration-ms="1" status="PASS">
          <reporter-output>
          </reporter-output>
        </test-method> <!-- method4 -->
      </class> <!-- Programs.Srt -->
    </test> <!-- Default test -->
  </suite> <!-- Default suite -->
</testng-results>
